1648720968.562738 client started (21716): version 3.2a, socket /tmp/tmux-1000/default, protocol 8
1648720968.562775 on Linux 5.16.16-200.fc35.x86_64 #1 SMP PREEMPT Sat Mar 19 13:52:41 UTC 2022
1648720968.562790 using libevent 2.1.12-stable (poll); ncurses 6.2
1648720968.562807 flags are 0x10010000
1648720968.562813 socket is /tmp/tmux-1000/default
1648720968.562830 trying connect
1648720968.562985 add peer 0x557c0d9150d0: 7 ((nil))
1648720968.563223 sending message 100 to peer 0x557c0d9150d0 (4 bytes)
1648720968.563232 sending message 111 to peer 0x557c0d9150d0 (8 bytes)
1648720968.563236 sending message 101 to peer 0x557c0d9150d0 (7 bytes)
1648720968.563241 sending message 109 to peer 0x557c0d9150d0 (4 bytes)
1648720968.563245 sending message 102 to peer 0x557c0d9150d0 (11 bytes)
1648720968.563249 sending message 108 to peer 0x557c0d9150d0 (112 bytes)
1648720968.563253 sending message 112 to peer 0x557c0d9150d0 (70 bytes)
1648720968.563257 sending message 112 to peer 0x557c0d9150d0 (5 bytes)
1648720968.563262 sending message 112 to peer 0x557c0d9150d0 (5 bytes)
1648720968.563266 sending message 112 to peer 0x557c0d9150d0 (6 bytes)
1648720968.563270 sending message 112 to peer 0x557c0d9150d0 (6 bytes)
1648720968.563274 sending message 112 to peer 0x557c0d9150d0 (11 bytes)
1648720968.563278 sending message 112 to peer 0x557c0d9150d0 (10 bytes)
1648720968.563282 sending message 112 to peer 0x557c0d9150d0 (13 bytes)
1648720968.563286 sending message 112 to peer 0x557c0d9150d0 (13 bytes)
1648720968.563290 sending message 112 to peer 0x557c0d9150d0 (18 bytes)
1648720968.563294 sending message 112 to peer 0x557c0d9150d0 (9 bytes)
1648720968.563298 sending message 112 to peer 0x557c0d9150d0 (21 bytes)
1648720968.563302 sending message 112 to peer 0x557c0d9150d0 (13 bytes)
1648720968.563306 sending message 112 to peer 0x557c0d9150d0 (7 bytes)
1648720968.563311 sending message 112 to peer 0x557c0d9150d0 (13 bytes)
1648720968.563315 sending message 112 to peer 0x557c0d9150d0 (7 bytes)
1648720968.563319 sending message 112 to peer 0x557c0d9150d0 (13 bytes)
1648720968.563323 sending message 112 to peer 0x557c0d9150d0 (9 bytes)
1648720968.563327 sending message 112 to peer 0x557c0d9150d0 (21 bytes)
1648720968.563331 sending message 112 to peer 0x557c0d9150d0 (13 bytes)
1648720968.563335 sending message 112 to peer 0x557c0d9150d0 (8 bytes)
1648720968.563339 sending message 112 to peer 0x557c0d9150d0 (12 bytes)
1648720968.563343 sending message 112 to peer 0x557c0d9150d0 (13 bytes)
1648720968.563346 sending message 112 to peer 0x557c0d9150d0 (9 bytes)
1648720968.563350 sending message 112 to peer 0x557c0d9150d0 (9 bytes)
1648720968.563354 sending message 112 to peer 0x557c0d9150d0 (12 bytes)
1648720968.563358 sending message 112 to peer 0x557c0d9150d0 (8 bytes)
1648720968.563362 sending message 112 to peer 0x557c0d9150d0 (7 bytes)
1648720968.563366 sending message 112 to peer 0x557c0d9150d0 (7 bytes)
1648720968.563370 sending message 112 to peer 0x557c0d9150d0 (9 bytes)
1648720968.563374 sending message 112 to peer 0x557c0d9150d0 (13 bytes)
1648720968.563378 sending message 112 to peer 0x557c0d9150d0 (9 bytes)
1648720968.563382 sending message 112 to peer 0x557c0d9150d0 (15 bytes)
1648720968.563386 sending message 112 to peer 0x557c0d9150d0 (13 bytes)
1648720968.563390 sending message 112 to peer 0x557c0d9150d0 (12 bytes)
1648720968.563394 sending message 112 to peer 0x557c0d9150d0 (8 bytes)
1648720968.563398 sending message 112 to peer 0x557c0d9150d0 (14 bytes)
1648720968.563402 sending message 112 to peer 0x557c0d9150d0 (9 bytes)
1648720968.563406 sending message 112 to peer 0x557c0d9150d0 (10 bytes)
1648720968.563410 sending message 112 to peer 0x557c0d9150d0 (10 bytes)
1648720968.563414 sending message 112 to peer 0x557c0d9150d0 (10 bytes)
1648720968.563418 sending message 112 to peer 0x557c0d9150d0 (10 bytes)
1648720968.563422 sending message 112 to peer 0x557c0d9150d0 (11 bytes)
1648720968.563426 sending message 112 to peer 0x557c0d9150d0 (10 bytes)
1648720968.563430 sending message 112 to peer 0x557c0d9150d0 (8 bytes)
1648720968.563434 sending message 112 to peer 0x557c0d9150d0 (11 bytes)
1648720968.563450 sending message 112 to peer 0x557c0d9150d0 (11 bytes)
1648720968.563455 sending message 112 to peer 0x557c0d9150d0 (11 bytes)
1648720968.563460 sending message 112 to peer 0x557c0d9150d0 (8 bytes)
1648720968.563464 sending message 112 to peer 0x557c0d9150d0 (8 bytes)
1648720968.563468 sending message 112 to peer 0x557c0d9150d0 (8 bytes)
1648720968.563472 sending message 112 to peer 0x557c0d9150d0 (10 bytes)
1648720968.563476 sending message 112 to peer 0x557c0d9150d0 (10 bytes)
1648720968.563480 sending message 112 to peer 0x557c0d9150d0 (10 bytes)
1648720968.563484 sending message 112 to peer 0x557c0d9150d0 (10 bytes)
1648720968.563488 sending message 112 to peer 0x557c0d9150d0 (10 bytes)
1648720968.563492 sending message 112 to peer 0x557c0d9150d0 (11 bytes)
1648720968.563496 sending message 112 to peer 0x557c0d9150d0 (11 bytes)
1648720968.563501 sending message 112 to peer 0x557c0d9150d0 (10 bytes)
1648720968.563505 sending message 112 to peer 0x557c0d9150d0 (9 bytes)
1648720968.563509 sending message 112 to peer 0x557c0d9150d0 (9 bytes)
1648720968.563513 sending message 112 to peer 0x557c0d9150d0 (12 bytes)
1648720968.563517 sending message 112 to peer 0x557c0d9150d0 (9 bytes)
1648720968.563521 sending message 112 to peer 0x557c0d9150d0 (6 bytes)
1648720968.563526 sending message 112 to peer 0x557c0d9150d0 (8 bytes)
1648720968.563530 sending message 112 to peer 0x557c0d9150d0 (15 bytes)
1648720968.563534 sending message 112 to peer 0x557c0d9150d0 (13 bytes)
1648720968.563538 sending message 112 to peer 0x557c0d9150d0 (16 bytes)
1648720968.563542 sending message 112 to peer 0x557c0d9150d0 (16 bytes)
1648720968.563546 sending message 112 to peer 0x557c0d9150d0 (10 bytes)
1648720968.563550 sending message 112 to peer 0x557c0d9150d0 (8 bytes)
1648720968.563554 sending message 112 to peer 0x557c0d9150d0 (15 bytes)
1648720968.563558 sending message 112 to peer 0x557c0d9150d0 (13 bytes)
1648720968.563562 sending message 112 to peer 0x557c0d9150d0 (10 bytes)
1648720968.563566 sending message 112 to peer 0x557c0d9150d0 (10 bytes)
1648720968.563572 sending message 112 to peer 0x557c0d9150d0 (5 bytes)
1648720968.563576 sending message 112 to peer 0x557c0d9150d0 (15 bytes)
1648720968.563581 sending message 104 to peer 0x557c0d9150d0 (0 bytes)
1648720968.563586 sending message 110 to peer 0x557c0d9150d0 (0 bytes)
1648720968.563590 sending message 107 to peer 0x557c0d9150d0 (4 bytes)
1648720968.563595 sending message 105 to peer 0x557c0d9150d0 (38 bytes)
1648720968.563599 sending message 105 to peer 0x557c0d9150d0 (55 bytes)
1648720968.563603 sending message 105 to peer 0x557c0d9150d0 (37 bytes)
1648720968.563607 sending message 105 to peer 0x557c0d9150d0 (20 bytes)
1648720968.563611 sending message 105 to peer 0x557c0d9150d0 (54 bytes)
1648720968.563615 sending message 105 to peer 0x557c0d9150d0 (55 bytes)
1648720968.563619 sending message 105 to peer 0x557c0d9150d0 (22 bytes)
1648720968.563623 sending message 105 to peer 0x557c0d9150d0 (11 bytes)
1648720968.563627 sending message 105 to peer 0x557c0d9150d0 (21 bytes)
1648720968.563631 sending message 105 to peer 0x557c0d9150d0 (17 bytes)
1648720968.563635 sending message 105 to peer 0x557c0d9150d0 (21 bytes)
1648720968.563639 sending message 105 to peer 0x557c0d9150d0 (42 bytes)
1648720968.563643 sending message 105 to peer 0x557c0d9150d0 (82 bytes)
1648720968.563647 sending message 105 to peer 0x557c0d9150d0 (35 bytes)
1648720968.563651 sending message 105 to peer 0x557c0d9150d0 (23 bytes)
1648720968.563655 sending message 105 to peer 0x557c0d9150d0 (15 bytes)
1648720968.563659 sending message 105 to peer 0x557c0d9150d0 (17 bytes)
1648720968.563663 sending message 105 to peer 0x557c0d9150d0 (16 bytes)
1648720968.563667 sending message 105 to peer 0x557c0d9150d0 (47 bytes)
1648720968.563671 sending message 105 to peer 0x557c0d9150d0 (48 bytes)
1648720968.563675 sending message 105 to peer 0x557c0d9150d0 (38 bytes)
1648720968.563679 sending message 105 to peer 0x557c0d9150d0 (23 bytes)
1648720968.563683 sending message 105 to peer 0x557c0d9150d0 (17 bytes)
1648720968.563692 sending message 105 to peer 0x557c0d9150d0 (8 bytes)
1648720968.563697 sending message 105 to peer 0x557c0d9150d0 (35 bytes)
1648720968.563701 sending message 105 to peer 0x557c0d9150d0 (14 bytes)
1648720968.563705 sending message 105 to peer 0x557c0d9150d0 (32 bytes)
1648720968.563711 sending message 105 to peer 0x557c0d9150d0 (1525 bytes)
1648720968.563729 sending message 105 to peer 0x557c0d9150d0 (27 bytes)
1648720968.563733 sending message 105 to peer 0x557c0d9150d0 (16 bytes)
1648720968.563737 sending message 105 to peer 0x557c0d9150d0 (73 bytes)
1648720968.563742 sending message 105 to peer 0x557c0d9150d0 (48 bytes)
1648720968.563746 sending message 105 to peer 0x557c0d9150d0 (119 bytes)
1648720968.563760 sending message 105 to peer 0x557c0d9150d0 (11 bytes)
1648720968.563769 sending message 105 to peer 0x557c0d9150d0 (894 bytes)
1648720968.563776 sending message 105 to peer 0x557c0d9150d0 (116 bytes)
1648720968.563782 sending message 105 to peer 0x557c0d9150d0 (24 bytes)
1648720968.563787 sending message 105 to peer 0x557c0d9150d0 (32 bytes)
1648720968.563791 sending message 105 to peer 0x557c0d9150d0 (28 bytes)
1648720968.563795 sending message 105 to peer 0x557c0d9150d0 (18 bytes)
1648720968.563799 sending message 105 to peer 0x557c0d9150d0 (24 bytes)
1648720968.563803 sending message 105 to peer 0x557c0d9150d0 (78 bytes)
1648720968.563808 sending message 105 to peer 0x557c0d9150d0 (19 bytes)
1648720968.563812 sending message 105 to peer 0x557c0d9150d0 (8 bytes)
1648720968.563816 sending message 105 to peer 0x557c0d9150d0 (69 bytes)
1648720968.563820 sending message 105 to peer 0x557c0d9150d0 (25 bytes)
1648720968.563824 sending message 105 to peer 0x557c0d9150d0 (19 bytes)
1648720968.563828 sending message 105 to peer 0x557c0d9150d0 (41 bytes)
1648720968.563832 sending message 105 to peer 0x557c0d9150d0 (22 bytes)
1648720968.563836 sending message 105 to peer 0x557c0d9150d0 (12 bytes)
1648720968.563840 sending message 105 to peer 0x557c0d9150d0 (18 bytes)
1648720968.563844 sending message 105 to peer 0x557c0d9150d0 (26 bytes)
1648720968.563848 sending message 105 to peer 0x557c0d9150d0 (36 bytes)
1648720968.563852 sending message 105 to peer 0x557c0d9150d0 (13 bytes)
1648720968.563856 sending message 105 to peer 0x557c0d9150d0 (11 bytes)
1648720968.563860 sending message 105 to peer 0x557c0d9150d0 (15 bytes)
1648720968.563864 sending message 105 to peer 0x557c0d9150d0 (18 bytes)
1648720968.563868 sending message 105 to peer 0x557c0d9150d0 (13 bytes)
1648720968.563872 sending message 105 to peer 0x557c0d9150d0 (41 bytes)
1648720968.563876 sending message 105 to peer 0x557c0d9150d0 (26 bytes)
1648720968.563880 sending message 105 to peer 0x557c0d9150d0 (122 bytes)
1648720968.563884 sending message 105 to peer 0x557c0d9150d0 (23 bytes)
1648720968.563888 sending message 105 to peer 0x557c0d9150d0 (31 bytes)
1648720968.563892 sending message 105 to peer 0x557c0d9150d0 (23 bytes)
1648720968.563896 sending message 105 to peer 0x557c0d9150d0 (26 bytes)
1648720968.563900 sending message 105 to peer 0x557c0d9150d0 (21 bytes)
1648720968.563904 sending message 105 to peer 0x557c0d9150d0 (20 bytes)
1648720968.563908 sending message 105 to peer 0x557c0d9150d0 (27 bytes)
1648720968.563912 sending message 105 to peer 0x557c0d9150d0 (16 bytes)
1648720968.563916 sending message 105 to peer 0x557c0d9150d0 (20 bytes)
1648720968.563920 sending message 105 to peer 0x557c0d9150d0 (14 bytes)
1648720968.563924 sending message 105 to peer 0x557c0d9150d0 (34 bytes)
1648720968.563928 sending message 105 to peer 0x557c0d9150d0 (15 bytes)
1648720968.563932 sending message 105 to peer 0x557c0d9150d0 (27 bytes)
1648720968.563936 sending message 105 to peer 0x557c0d9150d0 (18 bytes)
1648720968.563940 sending message 105 to peer 0x557c0d9150d0 (10 bytes)
1648720968.563944 sending message 105 to peer 0x557c0d9150d0 (14 bytes)
1648720968.563948 sending message 105 to peer 0x557c0d9150d0 (18 bytes)
1648720968.563952 sending message 105 to peer 0x557c0d9150d0 (20 bytes)
1648720968.563956 sending message 105 to peer 0x557c0d9150d0 (26 bytes)
1648720968.563968 sending message 105 to peer 0x557c0d9150d0 (23 bytes)
1648720968.563972 sending message 105 to peer 0x557c0d9150d0 (23 bytes)
1648720968.563976 sending message 105 to peer 0x557c0d9150d0 (11 bytes)
1648720968.563980 sending message 105 to peer 0x557c0d9150d0 (16 bytes)
1648720968.563984 sending message 105 to peer 0x557c0d9150d0 (15 bytes)
1648720968.563988 sending message 105 to peer 0x557c0d9150d0 (15 bytes)
1648720968.563992 sending message 105 to peer 0x557c0d9150d0 (15 bytes)
1648720968.563996 sending message 105 to peer 0x557c0d9150d0 (23 bytes)
1648720968.564000 sending message 105 to peer 0x557c0d9150d0 (15 bytes)
1648720968.564004 sending message 105 to peer 0x557c0d9150d0 (17 bytes)
1648720968.564009 sending message 105 to peer 0x557c0d9150d0 (9 bytes)
1648720968.564013 sending message 105 to peer 0x557c0d9150d0 (17 bytes)
1648720968.564017 sending message 105 to peer 0x557c0d9150d0 (14 bytes)
1648720968.564021 sending message 105 to peer 0x557c0d9150d0 (29 bytes)
1648720968.564025 sending message 105 to peer 0x557c0d9150d0 (25 bytes)
1648720968.564029 sending message 105 to peer 0x557c0d9150d0 (21 bytes)
1648720968.564033 sending message 105 to peer 0x557c0d9150d0 (24 bytes)
1648720968.564037 sending message 105 to peer 0x557c0d9150d0 (18 bytes)
1648720968.564041 sending message 106 to peer 0x557c0d9150d0 (0 bytes)
1648720968.564051 sending message 200 to peer 0x557c0d9150d0 (4 bytes)
1648720968.564063 client loop enter
1648720968.566152 peer 0x557c0d9150d0 message 303
1648720968.566162 open write file 2 -
1648720968.566171 sending message 305 to peer 0x557c0d9150d0 (8 bytes)
1648720968.566188 write check file 2
1648720968.566343 peer 0x557c0d9150d0 message 304
1648720968.566350 write 58 to file 2
1648720968.566355 peer 0x557c0d9150d0 message 203
1648720968.566359 file 2 58 bytes left
1648720968.566375 write check file 2
1648720968.566380 client loop exit
