1648720964.626044 client started (21480): version 3.2a, socket /tmp/tmux-1000/default, protocol 8
1648720964.626066 on Linux 5.16.16-200.fc35.x86_64 #1 SMP PREEMPT Sat Mar 19 13:52:41 UTC 2022
1648720964.626075 using libevent 2.1.12-stable (poll); ncurses 6.2
1648720964.626094 flags are 0x18010000
1648720964.626099 socket is /tmp/tmux-1000/default
1648720964.626115 trying connect
1648720964.626208 connect failed: Connection refused
1648720964.626220 lock file is /tmp/tmux-1000/default.lock
1648720964.626239 flock succeeded
1648720964.626244 got lock (7)
1648720964.626253 trying connect
1648720964.626262 connect failed: Connection refused
1648720964.626423 add peer 0x56455823cb00: 8 ((nil))
1648720964.626864 sending message 100 to peer 0x56455823cb00 (4 bytes)
1648720964.626876 sending message 111 to peer 0x56455823cb00 (8 bytes)
1648720964.626881 sending message 101 to peer 0x56455823cb00 (15 bytes)
1648720964.626885 sending message 109 to peer 0x56455823cb00 (4 bytes)
1648720964.626889 sending message 102 to peer 0x56455823cb00 (11 bytes)
1648720964.626894 sending message 108 to peer 0x56455823cb00 (112 bytes)
1648720964.626899 sending message 112 to peer 0x56455823cb00 (58 bytes)
1648720964.626903 sending message 112 to peer 0x56455823cb00 (5 bytes)
1648720964.626907 sending message 112 to peer 0x56455823cb00 (5 bytes)
1648720964.626911 sending message 112 to peer 0x56455823cb00 (6 bytes)
1648720964.626916 sending message 112 to peer 0x56455823cb00 (6 bytes)
1648720964.626920 sending message 112 to peer 0x56455823cb00 (11 bytes)
1648720964.626924 sending message 112 to peer 0x56455823cb00 (10 bytes)
1648720964.626929 sending message 112 to peer 0x56455823cb00 (13 bytes)
1648720964.626933 sending message 112 to peer 0x56455823cb00 (14 bytes)
1648720964.626937 sending message 112 to peer 0x56455823cb00 (19 bytes)
1648720964.626942 sending message 112 to peer 0x56455823cb00 (11 bytes)
1648720964.626946 sending message 112 to peer 0x56455823cb00 (10 bytes)
1648720964.626950 sending message 112 to peer 0x56455823cb00 (15 bytes)
1648720964.626954 sending message 112 to peer 0x56455823cb00 (21 bytes)
1648720964.626959 sending message 112 to peer 0x56455823cb00 (13 bytes)
1648720964.626963 sending message 112 to peer 0x56455823cb00 (7 bytes)
1648720964.626967 sending message 112 to peer 0x56455823cb00 (13 bytes)
1648720964.626972 sending message 112 to peer 0x56455823cb00 (7 bytes)
1648720964.626976 sending message 112 to peer 0x56455823cb00 (13 bytes)
1648720964.626981 sending message 112 to peer 0x56455823cb00 (9 bytes)
1648720964.626985 sending message 112 to peer 0x56455823cb00 (21 bytes)
1648720964.626989 sending message 112 to peer 0x56455823cb00 (13 bytes)
1648720964.626993 sending message 112 to peer 0x56455823cb00 (9 bytes)
1648720964.626998 sending message 112 to peer 0x56455823cb00 (16 bytes)
1648720964.627002 sending message 112 to peer 0x56455823cb00 (13 bytes)
1648720964.627006 sending message 112 to peer 0x56455823cb00 (9 bytes)
1648720964.627010 sending message 112 to peer 0x56455823cb00 (9 bytes)
1648720964.627014 sending message 112 to peer 0x56455823cb00 (12 bytes)
1648720964.627018 sending message 112 to peer 0x56455823cb00 (8 bytes)
1648720964.627023 sending message 112 to peer 0x56455823cb00 (8 bytes)
1648720964.627027 sending message 112 to peer 0x56455823cb00 (13 bytes)
1648720964.627031 sending message 112 to peer 0x56455823cb00 (7 bytes)
1648720964.627035 sending message 112 to peer 0x56455823cb00 (7 bytes)
1648720964.627039 sending message 112 to peer 0x56455823cb00 (9 bytes)
1648720964.627044 sending message 112 to peer 0x56455823cb00 (9 bytes)
1648720964.627048 sending message 112 to peer 0x56455823cb00 (15 bytes)
1648720964.627052 sending message 112 to peer 0x56455823cb00 (13 bytes)
1648720964.627057 sending message 112 to peer 0x56455823cb00 (12 bytes)
1648720964.627061 sending message 112 to peer 0x56455823cb00 (8 bytes)
1648720964.627065 sending message 112 to peer 0x56455823cb00 (14 bytes)
1648720964.627070 sending message 112 to peer 0x56455823cb00 (11 bytes)
1648720964.627074 sending message 112 to peer 0x56455823cb00 (9 bytes)
1648720964.627089 sending message 112 to peer 0x56455823cb00 (10 bytes)
1648720964.627094 sending message 112 to peer 0x56455823cb00 (10 bytes)
1648720964.627098 sending message 112 to peer 0x56455823cb00 (10 bytes)
1648720964.627103 sending message 112 to peer 0x56455823cb00 (10 bytes)
1648720964.627106 sending message 112 to peer 0x56455823cb00 (11 bytes)
1648720964.627110 sending message 112 to peer 0x56455823cb00 (12 bytes)
1648720964.627114 sending message 112 to peer 0x56455823cb00 (12 bytes)
1648720964.627119 sending message 112 to peer 0x56455823cb00 (12 bytes)
1648720964.627123 sending message 112 to peer 0x56455823cb00 (12 bytes)
1648720964.627127 sending message 112 to peer 0x56455823cb00 (12 bytes)
1648720964.627131 sending message 112 to peer 0x56455823cb00 (11 bytes)
1648720964.627135 sending message 112 to peer 0x56455823cb00 (11 bytes)
1648720964.627140 sending message 112 to peer 0x56455823cb00 (12 bytes)
1648720964.627144 sending message 112 to peer 0x56455823cb00 (12 bytes)
1648720964.627148 sending message 112 to peer 0x56455823cb00 (12 bytes)
1648720964.627152 sending message 112 to peer 0x56455823cb00 (12 bytes)
1648720964.627156 sending message 112 to peer 0x56455823cb00 (12 bytes)
1648720964.627160 sending message 112 to peer 0x56455823cb00 (9 bytes)
1648720964.627165 sending message 112 to peer 0x56455823cb00 (12 bytes)
1648720964.627169 sending message 112 to peer 0x56455823cb00 (13 bytes)
1648720964.627173 sending message 112 to peer 0x56455823cb00 (13 bytes)
1648720964.627177 sending message 112 to peer 0x56455823cb00 (13 bytes)
1648720964.627181 sending message 112 to peer 0x56455823cb00 (13 bytes)
1648720964.627185 sending message 112 to peer 0x56455823cb00 (13 bytes)
1648720964.627189 sending message 112 to peer 0x56455823cb00 (8 bytes)
1648720964.627193 sending message 112 to peer 0x56455823cb00 (11 bytes)
1648720964.627198 sending message 112 to peer 0x56455823cb00 (11 bytes)
1648720964.627202 sending message 112 to peer 0x56455823cb00 (11 bytes)
1648720964.627206 sending message 112 to peer 0x56455823cb00 (12 bytes)
1648720964.627210 sending message 112 to peer 0x56455823cb00 (12 bytes)
1648720964.627214 sending message 112 to peer 0x56455823cb00 (12 bytes)
1648720964.627218 sending message 112 to peer 0x56455823cb00 (12 bytes)
1648720964.627222 sending message 112 to peer 0x56455823cb00 (13 bytes)
1648720964.627227 sending message 112 to peer 0x56455823cb00 (13 bytes)
1648720964.627231 sending message 112 to peer 0x56455823cb00 (13 bytes)
1648720964.627235 sending message 112 to peer 0x56455823cb00 (8 bytes)
1648720964.627239 sending message 112 to peer 0x56455823cb00 (13 bytes)
1648720964.627243 sending message 112 to peer 0x56455823cb00 (13 bytes)
1648720964.627247 sending message 112 to peer 0x56455823cb00 (13 bytes)
1648720964.627251 sending message 112 to peer 0x56455823cb00 (13 bytes)
1648720964.627255 sending message 112 to peer 0x56455823cb00 (13 bytes)
1648720964.627259 sending message 112 to peer 0x56455823cb00 (12 bytes)
1648720964.627264 sending message 112 to peer 0x56455823cb00 (12 bytes)
1648720964.627268 sending message 112 to peer 0x56455823cb00 (12 bytes)
1648720964.627272 sending message 112 to peer 0x56455823cb00 (12 bytes)
1648720964.627276 sending message 112 to peer 0x56455823cb00 (13 bytes)
1648720964.627281 sending message 112 to peer 0x56455823cb00 (8 bytes)
1648720964.627285 sending message 112 to peer 0x56455823cb00 (13 bytes)
1648720964.627289 sending message 112 to peer 0x56455823cb00 (13 bytes)
1648720964.627293 sending message 112 to peer 0x56455823cb00 (13 bytes)
1648720964.627297 sending message 112 to peer 0x56455823cb00 (13 bytes)
1648720964.627301 sending message 112 to peer 0x56455823cb00 (13 bytes)
1648720964.627305 sending message 112 to peer 0x56455823cb00 (13 bytes)
1648720964.627310 sending message 112 to peer 0x56455823cb00 (13 bytes)
1648720964.627314 sending message 112 to peer 0x56455823cb00 (12 bytes)
1648720964.627318 sending message 112 to peer 0x56455823cb00 (12 bytes)
1648720964.627322 sending message 112 to peer 0x56455823cb00 (12 bytes)
1648720964.627331 sending message 112 to peer 0x56455823cb00 (8 bytes)
1648720964.627336 sending message 112 to peer 0x56455823cb00 (12 bytes)
1648720964.627340 sending message 112 to peer 0x56455823cb00 (13 bytes)
1648720964.627345 sending message 112 to peer 0x56455823cb00 (13 bytes)
1648720964.627349 sending message 112 to peer 0x56455823cb00 (13 bytes)
1648720964.627353 sending message 112 to peer 0x56455823cb00 (13 bytes)
1648720964.627357 sending message 112 to peer 0x56455823cb00 (13 bytes)
1648720964.627361 sending message 112 to peer 0x56455823cb00 (13 bytes)
1648720964.627365 sending message 112 to peer 0x56455823cb00 (13 bytes)
1648720964.627369 sending message 112 to peer 0x56455823cb00 (13 bytes)
1648720964.627373 sending message 112 to peer 0x56455823cb00 (12 bytes)
1648720964.627377 sending message 112 to peer 0x56455823cb00 (10 bytes)
1648720964.627381 sending message 112 to peer 0x56455823cb00 (12 bytes)
1648720964.627386 sending message 112 to peer 0x56455823cb00 (12 bytes)
1648720964.627390 sending message 112 to peer 0x56455823cb00 (12 bytes)
1648720964.627394 sending message 112 to peer 0x56455823cb00 (13 bytes)
1648720964.627398 sending message 112 to peer 0x56455823cb00 (13 bytes)
1648720964.627402 sending message 112 to peer 0x56455823cb00 (13 bytes)
1648720964.627406 sending message 112 to peer 0x56455823cb00 (13 bytes)
1648720964.627410 sending message 112 to peer 0x56455823cb00 (13 bytes)
1648720964.627415 sending message 112 to peer 0x56455823cb00 (13 bytes)
1648720964.627419 sending message 112 to peer 0x56455823cb00 (13 bytes)
1648720964.627423 sending message 112 to peer 0x56455823cb00 (10 bytes)
1648720964.627427 sending message 112 to peer 0x56455823cb00 (13 bytes)
1648720964.627431 sending message 112 to peer 0x56455823cb00 (12 bytes)
1648720964.627435 sending message 112 to peer 0x56455823cb00 (12 bytes)
1648720964.627440 sending message 112 to peer 0x56455823cb00 (12 bytes)
1648720964.627444 sending message 112 to peer 0x56455823cb00 (10 bytes)
1648720964.627448 sending message 112 to peer 0x56455823cb00 (10 bytes)
1648720964.627452 sending message 112 to peer 0x56455823cb00 (10 bytes)
1648720964.627456 sending message 112 to peer 0x56455823cb00 (12 bytes)
1648720964.627461 sending message 112 to peer 0x56455823cb00 (13 bytes)
1648720964.627465 sending message 112 to peer 0x56455823cb00 (13 bytes)
1648720964.627469 sending message 112 to peer 0x56455823cb00 (13 bytes)
1648720964.627473 sending message 112 to peer 0x56455823cb00 (13 bytes)
1648720964.627477 sending message 112 to peer 0x56455823cb00 (13 bytes)
1648720964.627481 sending message 112 to peer 0x56455823cb00 (10 bytes)
1648720964.627486 sending message 112 to peer 0x56455823cb00 (11 bytes)
1648720964.627490 sending message 112 to peer 0x56455823cb00 (12 bytes)
1648720964.627494 sending message 112 to peer 0x56455823cb00 (12 bytes)
1648720964.627498 sending message 112 to peer 0x56455823cb00 (12 bytes)
1648720964.627503 sending message 112 to peer 0x56455823cb00 (12 bytes)
1648720964.627507 sending message 112 to peer 0x56455823cb00 (12 bytes)
1648720964.627511 sending message 112 to peer 0x56455823cb00 (11 bytes)
1648720964.627515 sending message 112 to peer 0x56455823cb00 (12 bytes)
1648720964.627519 sending message 112 to peer 0x56455823cb00 (12 bytes)
1648720964.627523 sending message 112 to peer 0x56455823cb00 (13 bytes)
1648720964.627527 sending message 112 to peer 0x56455823cb00 (13 bytes)
1648720964.627532 sending message 112 to peer 0x56455823cb00 (13 bytes)
1648720964.627536 sending message 112 to peer 0x56455823cb00 (13 bytes)
1648720964.627540 sending message 112 to peer 0x56455823cb00 (13 bytes)
1648720964.627544 sending message 112 to peer 0x56455823cb00 (10 bytes)
1648720964.627548 sending message 112 to peer 0x56455823cb00 (9 bytes)
1648720964.627552 sending message 112 to peer 0x56455823cb00 (12 bytes)
1648720964.627556 sending message 112 to peer 0x56455823cb00 (13 bytes)
1648720964.627561 sending message 112 to peer 0x56455823cb00 (13 bytes)
1648720964.627565 sending message 112 to peer 0x56455823cb00 (13 bytes)
1648720964.627574 sending message 112 to peer 0x56455823cb00 (13 bytes)
1648720964.627579 sending message 112 to peer 0x56455823cb00 (13 bytes)
1648720964.627583 sending message 112 to peer 0x56455823cb00 (9 bytes)
1648720964.627587 sending message 112 to peer 0x56455823cb00 (12 bytes)
1648720964.627591 sending message 112 to peer 0x56455823cb00 (13 bytes)
1648720964.627595 sending message 112 to peer 0x56455823cb00 (13 bytes)
1648720964.627599 sending message 112 to peer 0x56455823cb00 (13 bytes)
1648720964.627603 sending message 112 to peer 0x56455823cb00 (13 bytes)
1648720964.627607 sending message 112 to peer 0x56455823cb00 (13 bytes)
1648720964.627611 sending message 112 to peer 0x56455823cb00 (11 bytes)
1648720964.627615 sending message 112 to peer 0x56455823cb00 (12 bytes)
1648720964.627619 sending message 112 to peer 0x56455823cb00 (13 bytes)
1648720964.627623 sending message 112 to peer 0x56455823cb00 (13 bytes)
1648720964.627627 sending message 112 to peer 0x56455823cb00 (13 bytes)
1648720964.627634 sending message 112 to peer 0x56455823cb00 (13 bytes)
1648720964.627638 sending message 112 to peer 0x56455823cb00 (13 bytes)
1648720964.627642 sending message 112 to peer 0x56455823cb00 (11 bytes)
1648720964.627646 sending message 112 to peer 0x56455823cb00 (12 bytes)
1648720964.627650 sending message 112 to peer 0x56455823cb00 (12 bytes)
1648720964.627654 sending message 112 to peer 0x56455823cb00 (12 bytes)
1648720964.627658 sending message 112 to peer 0x56455823cb00 (12 bytes)
1648720964.627662 sending message 112 to peer 0x56455823cb00 (12 bytes)
1648720964.627666 sending message 112 to peer 0x56455823cb00 (21 bytes)
1648720964.627670 sending message 112 to peer 0x56455823cb00 (12 bytes)
1648720964.627674 sending message 112 to peer 0x56455823cb00 (9 bytes)
1648720964.627678 sending message 112 to peer 0x56455823cb00 (6 bytes)
1648720964.627682 sending message 112 to peer 0x56455823cb00 (13 bytes)
1648720964.627686 sending message 112 to peer 0x56455823cb00 (10 bytes)
1648720964.627690 sending message 112 to peer 0x56455823cb00 (24 bytes)
1648720964.627694 sending message 112 to peer 0x56455823cb00 (13 bytes)
1648720964.627702 sending message 112 to peer 0x56455823cb00 (9 bytes)
1648720964.627707 sending message 112 to peer 0x56455823cb00 (70 bytes)
1648720964.627711 sending message 112 to peer 0x56455823cb00 (69 bytes)
1648720964.627715 sending message 112 to peer 0x56455823cb00 (12 bytes)
1648720964.627719 sending message 112 to peer 0x56455823cb00 (10 bytes)
1648720964.627723 sending message 112 to peer 0x56455823cb00 (10 bytes)
1648720964.627727 sending message 112 to peer 0x56455823cb00 (24 bytes)
1648720964.627731 sending message 112 to peer 0x56455823cb00 (13 bytes)
1648720964.627735 sending message 112 to peer 0x56455823cb00 (10 bytes)
1648720964.627739 sending message 112 to peer 0x56455823cb00 (10 bytes)
1648720964.627743 sending message 112 to peer 0x56455823cb00 (10 bytes)
1648720964.627747 sending message 112 to peer 0x56455823cb00 (13 bytes)
1648720964.627758 sending message 112 to peer 0x56455823cb00 (15 bytes)
1648720964.627765 sending message 112 to peer 0x56455823cb00 (5 bytes)
1648720964.627770 sending message 104 to peer 0x56455823cb00 (0 bytes)
1648720964.627774 sending message 110 to peer 0x56455823cb00 (0 bytes)
1648720964.627781 sending message 107 to peer 0x56455823cb00 (4 bytes)
1648720964.627785 sending message 105 to peer 0x56455823cb00 (38 bytes)
1648720964.627789 sending message 105 to peer 0x56455823cb00 (55 bytes)
1648720964.627794 sending message 105 to peer 0x56455823cb00 (20 bytes)
1648720964.627798 sending message 105 to peer 0x56455823cb00 (54 bytes)
1648720964.627802 sending message 105 to peer 0x56455823cb00 (55 bytes)
1648720964.627806 sending message 105 to peer 0x56455823cb00 (22 bytes)
1648720964.627810 sending message 105 to peer 0x56455823cb00 (11 bytes)
1648720964.627814 sending message 105 to peer 0x56455823cb00 (21 bytes)
1648720964.627818 sending message 105 to peer 0x56455823cb00 (17 bytes)
1648720964.627822 sending message 105 to peer 0x56455823cb00 (21 bytes)
1648720964.627831 sending message 105 to peer 0x56455823cb00 (42 bytes)
1648720964.627836 sending message 105 to peer 0x56455823cb00 (82 bytes)
1648720964.627840 sending message 105 to peer 0x56455823cb00 (35 bytes)
1648720964.627844 sending message 105 to peer 0x56455823cb00 (23 bytes)
1648720964.627850 sending message 105 to peer 0x56455823cb00 (15 bytes)
1648720964.627855 sending message 105 to peer 0x56455823cb00 (17 bytes)
1648720964.627859 sending message 105 to peer 0x56455823cb00 (16 bytes)
1648720964.627863 sending message 105 to peer 0x56455823cb00 (47 bytes)
1648720964.627867 sending message 105 to peer 0x56455823cb00 (48 bytes)
1648720964.627871 sending message 105 to peer 0x56455823cb00 (23 bytes)
1648720964.627875 sending message 105 to peer 0x56455823cb00 (17 bytes)
1648720964.627879 sending message 105 to peer 0x56455823cb00 (35 bytes)
1648720964.627883 sending message 105 to peer 0x56455823cb00 (14 bytes)
1648720964.627887 sending message 105 to peer 0x56455823cb00 (27 bytes)
1648720964.627891 sending message 105 to peer 0x56455823cb00 (16 bytes)
1648720964.627895 sending message 105 to peer 0x56455823cb00 (73 bytes)
1648720964.627899 sending message 105 to peer 0x56455823cb00 (48 bytes)
1648720964.627903 sending message 105 to peer 0x56455823cb00 (115 bytes)
1648720964.627907 sending message 105 to peer 0x56455823cb00 (587 bytes)
1648720964.627913 sending message 105 to peer 0x56455823cb00 (116 bytes)
1648720964.627918 sending message 105 to peer 0x56455823cb00 (24 bytes)
1648720964.627922 sending message 105 to peer 0x56455823cb00 (32 bytes)
1648720964.627926 sending message 105 to peer 0x56455823cb00 (28 bytes)
1648720964.627930 sending message 105 to peer 0x56455823cb00 (18 bytes)
1648720964.627934 sending message 105 to peer 0x56455823cb00 (24 bytes)
1648720964.627938 sending message 105 to peer 0x56455823cb00 (78 bytes)
1648720964.627942 sending message 105 to peer 0x56455823cb00 (19 bytes)
1648720964.627946 sending message 105 to peer 0x56455823cb00 (8 bytes)
1648720964.627951 sending message 105 to peer 0x56455823cb00 (19 bytes)
1648720964.627955 sending message 105 to peer 0x56455823cb00 (41 bytes)
1648720964.627959 sending message 105 to peer 0x56455823cb00 (22 bytes)
1648720964.627963 sending message 105 to peer 0x56455823cb00 (20 bytes)
1648720964.627967 sending message 105 to peer 0x56455823cb00 (11 bytes)
1648720964.627973 sending message 105 to peer 0x56455823cb00 (15 bytes)
1648720964.627977 sending message 105 to peer 0x56455823cb00 (18 bytes)
1648720964.627981 sending message 105 to peer 0x56455823cb00 (13 bytes)
1648720964.627985 sending message 105 to peer 0x56455823cb00 (41 bytes)
1648720964.627989 sending message 105 to peer 0x56455823cb00 (26 bytes)
1648720964.627993 sending message 105 to peer 0x56455823cb00 (122 bytes)
1648720964.627998 sending message 105 to peer 0x56455823cb00 (23 bytes)
1648720964.628002 sending message 105 to peer 0x56455823cb00 (31 bytes)
1648720964.628006 sending message 105 to peer 0x56455823cb00 (23 bytes)
1648720964.628010 sending message 105 to peer 0x56455823cb00 (26 bytes)
1648720964.628014 sending message 105 to peer 0x56455823cb00 (21 bytes)
1648720964.628018 sending message 105 to peer 0x56455823cb00 (20 bytes)
1648720964.628022 sending message 105 to peer 0x56455823cb00 (34 bytes)
1648720964.628026 sending message 105 to peer 0x56455823cb00 (26 bytes)
1648720964.628030 sending message 105 to peer 0x56455823cb00 (23 bytes)
1648720964.628034 sending message 105 to peer 0x56455823cb00 (29 bytes)
1648720964.628040 sending message 105 to peer 0x56455823cb00 (25 bytes)
1648720964.628044 sending message 105 to peer 0x56455823cb00 (1525 bytes)
1648720964.628066 sending message 105 to peer 0x56455823cb00 (27 bytes)
1648720964.628071 sending message 105 to peer 0x56455823cb00 (11 bytes)
1648720964.628075 sending message 105 to peer 0x56455823cb00 (8 bytes)
1648720964.628079 sending message 105 to peer 0x56455823cb00 (32 bytes)
1648720964.628083 sending message 105 to peer 0x56455823cb00 (25 bytes)
1648720964.628087 sending message 105 to peer 0x56455823cb00 (69 bytes)
1648720964.628097 sending message 105 to peer 0x56455823cb00 (37 bytes)
1648720964.628101 sending message 105 to peer 0x56455823cb00 (38 bytes)
1648720964.628106 sending message 105 to peer 0x56455823cb00 (20 bytes)
1648720964.628110 sending message 105 to peer 0x56455823cb00 (14 bytes)
1648720964.628114 sending message 105 to peer 0x56455823cb00 (15 bytes)
1648720964.628118 sending message 105 to peer 0x56455823cb00 (27 bytes)
1648720964.628122 sending message 105 to peer 0x56455823cb00 (18 bytes)
1648720964.628126 sending message 105 to peer 0x56455823cb00 (14 bytes)
1648720964.628130 sending message 105 to peer 0x56455823cb00 (18 bytes)
1648720964.628135 sending message 105 to peer 0x56455823cb00 (20 bytes)
1648720964.628139 sending message 105 to peer 0x56455823cb00 (23 bytes)
1648720964.628143 sending message 105 to peer 0x56455823cb00 (11 bytes)
1648720964.628147 sending message 105 to peer 0x56455823cb00 (16 bytes)
1648720964.628151 sending message 105 to peer 0x56455823cb00 (15 bytes)
1648720964.628155 sending message 105 to peer 0x56455823cb00 (15 bytes)
1648720964.628159 sending message 105 to peer 0x56455823cb00 (15 bytes)
1648720964.628163 sending message 105 to peer 0x56455823cb00 (23 bytes)
1648720964.628167 sending message 105 to peer 0x56455823cb00 (15 bytes)
1648720964.628171 sending message 105 to peer 0x56455823cb00 (17 bytes)
1648720964.628175 sending message 105 to peer 0x56455823cb00 (9 bytes)
1648720964.628180 sending message 105 to peer 0x56455823cb00 (17 bytes)
1648720964.628184 sending message 105 to peer 0x56455823cb00 (14 bytes)
1648720964.628188 sending message 105 to peer 0x56455823cb00 (10 bytes)
1648720964.628192 sending message 105 to peer 0x56455823cb00 (16 bytes)
1648720964.628196 sending message 106 to peer 0x56455823cb00 (0 bytes)
1648720964.628203 sending message 200 to peer 0x56455823cb00 (4 bytes)
1648720964.628207 client loop enter
1648720964.628246 client_signal: Child exited
1648720964.700692 peer 0x56455823cb00 message 207
1648720964.700703 sending message 208 to peer 0x56455823cb00 (0 bytes)
1648720973.256944 peer 0x56455823cb00 message 203
1648720973.256959 sending message 205 to peer 0x56455823cb00 (0 bytes)
1648720973.257224 peer 0x56455823cb00 message 204
1648720973.257234 client loop exit
